1433338759881|2|commit|connection 0||
1433338759906|4|statement|connection 0|     drop table Employee if exists|
1433338759907|1|statement|connection 0|     drop table Employee_Evaluation if exists|
1433338759909|1|statement|connection 0|     drop table Evaluation if exists|
1433338759911|1|statement|connection 0|     create table Employee (         id bigint generated by default as identity,         city varchar(255),         salary varchar(255),         version integer not null,         primary key (id)     )|
1433338759913|1|statement|connection 0|     create table Employee_Evaluation (         Employee_id bigint not null,         evals_id bigint not null     )|
1433338759914|1|statement|connection 0|     create table Evaluation (         id bigint generated by default as identity,         uuid binary,         primary key (id)     )|
1433338759916|1|statement|connection 0|     alter table Employee_Evaluation          add constraint UK_1irj6ie1jqr7uge1083cst46d  unique (evals_id)|
1433338759917|1|statement|connection 0|     alter table Employee_Evaluation          add constraint FK_1irj6ie1jqr7uge1083cst46d          foreign key (evals_id)          references Evaluation|
1433338759919|1|statement|connection 0|     alter table Employee_Evaluation          add constraint FK_d5bb1cgkikdc85ucp1intbkmm          foreign key (Employee_id)          references Employee|
1433338760492|1|statement|connection 1|insert into Employee (id, city, salary, version) values (null, ?, ?, ?)|insert into Employee (id, city, salary, version) values (null, 'Oslo', '100', 0)
1433338760511|1|statement|connection 1|insert into Evaluation (id, uuid) values (null, ?)|insert into Evaluation (id, uuid) values (null, '28D9D1EF87254D5D93E06A20EB6A7FCA')
1433338760522|0|statement|connection 1|insert into Employee_Evaluation (Employee_id, evals_id) values (?, ?)|insert into Employee_Evaluation (Employee_id, evals_id) values (1, 1)
1433338760523|0|commit|connection 1||
1433338760555|26|statement|connection 1|select employee0_.id as id1_0_0_, employee0_.city as city2_0_0_, employee0_.salary as salary3_0_0_, employee0_.version as version4_0_0_ from Employee employee0_ where employee0_.id=?|select employee0_.id as id1_0_0_, employee0_.city as city2_0_0_, employee0_.salary as salary3_0_0_, employee0_.version as version4_0_0_ from Employee employee0_ where employee0_.id=1
1433338760565|2|statement|connection 1|select evals0_.Employee_id as Employee1_0_0_, evals0_.evals_id as evals_id2_1_0_, evaluation1_.id as id1_2_1_, evaluation1_.uuid as uuid2_2_1_ from Employee_Evaluation evals0_ inner join Evaluation evaluation1_ on evals0_.evals_id=evaluation1_.id where evals0_.Employee_id=?|select evals0_.Employee_id as Employee1_0_0_, evals0_.evals_id as evals_id2_1_0_, evaluation1_.id as id1_2_1_, evaluation1_.uuid as uuid2_2_1_ from Employee_Evaluation evals0_ inner join Evaluation evaluation1_ on evals0_.evals_id=evaluation1_.id where evals0_.Employee_id=1
1433338760570|1|statement|connection 1|insert into Evaluation (id, uuid) values (null, ?)|insert into Evaluation (id, uuid) values (null, 'B40BD5120D96417680C14488A25C6A61')
1433338760575|0|statement|connection 1|update Employee set city=?, salary=?, version=? where id=? and version=?|update Employee set city='Oslo', salary='100', version=1 where id=1 and version=0
1433338760577|0|statement|connection 1|delete from Employee_Evaluation where Employee_id=?|delete from Employee_Evaluation where Employee_id=1
1433338760578|0|statement|connection 1|insert into Employee_Evaluation (Employee_id, evals_id) values (?, ?)|insert into Employee_Evaluation (Employee_id, evals_id) values (1, 1)
1433338760579|0|statement|connection 1|insert into Employee_Evaluation (Employee_id, evals_id) values (?, ?)|insert into Employee_Evaluation (Employee_id, evals_id) values (1, 2)
1433338760579|0|commit|connection 1||
1433338868350|2|commit|connection 0||
1433338868372|4|statement|connection 0|     drop table Employee if exists|
1433338868375|2|statement|connection 0|     drop table Employee_Evaluation if exists|
1433338868378|3|statement|connection 0|     drop table Evaluation if exists|
1433338868380|2|statement|connection 0|     create table Employee (         id bigint generated by default as identity,         city varchar(255),         salary varchar(255),         version integer not null,         primary key (id)     )|
1433338868382|1|statement|connection 0|     create table Employee_Evaluation (         Employee_id bigint not null,         evals_id bigint not null     )|
1433338868383|1|statement|connection 0|     create table Evaluation (         id bigint generated by default as identity,         uuid binary,         primary key (id)     )|
1433338868384|1|statement|connection 0|     alter table Employee_Evaluation          add constraint UK_1irj6ie1jqr7uge1083cst46d  unique (evals_id)|
1433338868387|2|statement|connection 0|     alter table Employee_Evaluation          add constraint FK_1irj6ie1jqr7uge1083cst46d          foreign key (evals_id)          references Evaluation|
1433338868389|2|statement|connection 0|     alter table Employee_Evaluation          add constraint FK_d5bb1cgkikdc85ucp1intbkmm          foreign key (Employee_id)          references Employee|
1433338869026|1|statement|connection 1|insert into Employee (id, city, salary, version) values (null, ?, ?, ?)|insert into Employee (id, city, salary, version) values (null, 'Oslo', '100', 0)
1433338869050|0|statement|connection 1|insert into Evaluation (id, uuid) values (null, ?)|insert into Evaluation (id, uuid) values (null, '2DBDE2D9518548D5B89B69A75FE1973B')
1433338869061|0|statement|connection 1|insert into Employee_Evaluation (Employee_id, evals_id) values (?, ?)|insert into Employee_Evaluation (Employee_id, evals_id) values (1, 1)
1433338869062|0|commit|connection 1||
1433338869094|25|statement|connection 1|select employee0_.id as id1_0_0_, employee0_.city as city2_0_0_, employee0_.salary as salary3_0_0_, employee0_.version as version4_0_0_ from Employee employee0_ where employee0_.id=?|select employee0_.id as id1_0_0_, employee0_.city as city2_0_0_, employee0_.salary as salary3_0_0_, employee0_.version as version4_0_0_ from Employee employee0_ where employee0_.id=1
1433338869102|1|commit|connection 1||
1433338929242|2|commit|connection 0||
1433338929264|6|statement|connection 0|     drop table Employee if exists|
1433338929267|2|statement|connection 0|     drop table Employee_Evaluation if exists|
1433338929268|1|statement|connection 0|     drop table Evaluation if exists|
1433338929270|1|statement|connection 0|     create table Employee (         id bigint generated by default as identity,         city varchar(255),         salary varchar(255),         version integer not null,         primary key (id)     )|
1433338929273|0|statement|connection 0|     create table Employee_Evaluation (         Employee_id bigint not null,         evals_id bigint not null     )|
1433338929275|1|statement|connection 0|     create table Evaluation (         id bigint generated by default as identity,         uuid binary,         primary key (id)     )|
1433338929277|1|statement|connection 0|     alter table Employee_Evaluation          add constraint UK_1irj6ie1jqr7uge1083cst46d  unique (evals_id)|
1433338929280|2|statement|connection 0|     alter table Employee_Evaluation          add constraint FK_1irj6ie1jqr7uge1083cst46d          foreign key (evals_id)          references Evaluation|
1433338929283|2|statement|connection 0|     alter table Employee_Evaluation          add constraint FK_d5bb1cgkikdc85ucp1intbkmm          foreign key (Employee_id)          references Employee|
1433338929865|0|statement|connection 1|insert into Employee (id, city, salary, version) values (null, ?, ?, ?)|insert into Employee (id, city, salary, version) values (null, 'Oslo', '100', 0)
1433338929885|1|statement|connection 1|insert into Evaluation (id, uuid) values (null, ?)|insert into Evaluation (id, uuid) values (null, '35DD793040A64229AC15FDE99AAEF8AE')
1433338929898|0|statement|connection 1|insert into Employee_Evaluation (Employee_id, evals_id) values (?, ?)|insert into Employee_Evaluation (Employee_id, evals_id) values (1, 1)
1433338929899|0|commit|connection 1||
1433338929944|39|statement|connection 1|select employee0_.id as id1_0_0_, employee0_.city as city2_0_0_, employee0_.salary as salary3_0_0_, employee0_.version as version4_0_0_ from Employee employee0_ where employee0_.id=?|select employee0_.id as id1_0_0_, employee0_.city as city2_0_0_, employee0_.salary as salary3_0_0_, employee0_.version as version4_0_0_ from Employee employee0_ where employee0_.id=1
1433338929953|1|statement|connection 1|select evals0_.Employee_id as Employee1_0_0_, evals0_.evals_id as evals_id2_1_0_, evaluation1_.id as id1_2_1_, evaluation1_.uuid as uuid2_2_1_ from Employee_Evaluation evals0_ inner join Evaluation evaluation1_ on evals0_.evals_id=evaluation1_.id where evals0_.Employee_id=?|select evals0_.Employee_id as Employee1_0_0_, evals0_.evals_id as evals_id2_1_0_, evaluation1_.id as id1_2_1_, evaluation1_.uuid as uuid2_2_1_ from Employee_Evaluation evals0_ inner join Evaluation evaluation1_ on evals0_.evals_id=evaluation1_.id where evals0_.Employee_id=1
1433338929958|0|statement|connection 1|insert into Evaluation (id, uuid) values (null, ?)|insert into Evaluation (id, uuid) values (null, '15233B329AB44AF6B4A99B194438B2B2')
1433338929961|0|statement|connection 1|update Employee set city=?, salary=?, version=? where id=? and version=?|update Employee set city='Oslo', salary='100', version=1 where id=1 and version=0
1433338929963|1|statement|connection 1|delete from Employee_Evaluation where Employee_id=?|delete from Employee_Evaluation where Employee_id=1
1433338929963|0|statement|connection 1|insert into Employee_Evaluation (Employee_id, evals_id) values (?, ?)|insert into Employee_Evaluation (Employee_id, evals_id) values (1, 1)
1433338929964|0|statement|connection 1|insert into Employee_Evaluation (Employee_id, evals_id) values (?, ?)|insert into Employee_Evaluation (Employee_id, evals_id) values (1, 2)
1433338929964|0|commit|connection 1||
1433338955322|1|commit|connection 0||
1433338955339|2|statement|connection 0|     drop table Employee if exists|
1433338955340|1|statement|connection 0|     drop table Employee_Evaluation if exists|
1433338955341|1|statement|connection 0|     drop table Evaluation if exists|
1433338955342|0|statement|connection 0|     create table Employee (         id bigint generated by default as identity,         city varchar(255),         salary varchar(255),         version integer not null,         primary key (id)     )|
1433338955344|0|statement|connection 0|     create table Employee_Evaluation (         Employee_id bigint not null,         evals_id bigint not null     )|
1433338955345|1|statement|connection 0|     create table Evaluation (         id bigint generated by default as identity,         uuid binary,         primary key (id)     )|
1433338955346|1|statement|connection 0|     alter table Employee_Evaluation          add constraint UK_1irj6ie1jqr7uge1083cst46d  unique (evals_id)|
1433338955347|1|statement|connection 0|     alter table Employee_Evaluation          add constraint FK_1irj6ie1jqr7uge1083cst46d          foreign key (evals_id)          references Evaluation|
1433338955348|1|statement|connection 0|     alter table Employee_Evaluation          add constraint FK_d5bb1cgkikdc85ucp1intbkmm          foreign key (Employee_id)          references Employee|
1433338958584|0|statement|connection 1|insert into Employee (id, city, salary, version) values (null, ?, ?, ?)|insert into Employee (id, city, salary, version) values (null, 'Oslo', '100', 0)
1433338958606|2|statement|connection 1|insert into Evaluation (id, uuid) values (null, ?)|insert into Evaluation (id, uuid) values (null, 'A738331E89B6452AB677A243F0509ED4')
1433338958623|0|statement|connection 1|insert into Employee_Evaluation (Employee_id, evals_id) values (?, ?)|insert into Employee_Evaluation (Employee_id, evals_id) values (1, 1)
1433338958625|0|commit|connection 1||
1433338958670|38|statement|connection 1|select employee0_.id as id1_0_0_, employee0_.city as city2_0_0_, employee0_.salary as salary3_0_0_, employee0_.version as version4_0_0_ from Employee employee0_ where employee0_.id=?|select employee0_.id as id1_0_0_, employee0_.city as city2_0_0_, employee0_.salary as salary3_0_0_, employee0_.version as version4_0_0_ from Employee employee0_ where employee0_.id=1
1433338960305|4|statement|connection 1|select evals0_.Employee_id as Employee1_0_0_, evals0_.evals_id as evals_id2_1_0_, evaluation1_.id as id1_2_1_, evaluation1_.uuid as uuid2_2_1_ from Employee_Evaluation evals0_ inner join Evaluation evaluation1_ on evals0_.evals_id=evaluation1_.id where evals0_.Employee_id=?|select evals0_.Employee_id as Employee1_0_0_, evals0_.evals_id as evals_id2_1_0_, evaluation1_.id as id1_2_1_, evaluation1_.uuid as uuid2_2_1_ from Employee_Evaluation evals0_ inner join Evaluation evaluation1_ on evals0_.evals_id=evaluation1_.id where evals0_.Employee_id=1
1433338960311|0|statement|connection 1|insert into Evaluation (id, uuid) values (null, ?)|insert into Evaluation (id, uuid) values (null, '3C3BB5B4A8144A9EBDE9548C51FB712F')
1433338960316|1|statement|connection 1|update Employee set city=?, salary=?, version=? where id=? and version=?|update Employee set city='Oslo', salary='100', version=1 where id=1 and version=0
1433338960319|1|statement|connection 1|delete from Employee_Evaluation where Employee_id=?|delete from Employee_Evaluation where Employee_id=1
1433338960321|0|statement|connection 1|insert into Employee_Evaluation (Employee_id, evals_id) values (?, ?)|insert into Employee_Evaluation (Employee_id, evals_id) values (1, 1)
1433338960322|0|statement|connection 1|insert into Employee_Evaluation (Employee_id, evals_id) values (?, ?)|insert into Employee_Evaluation (Employee_id, evals_id) values (1, 2)
1433338960322|0|commit|connection 1||
1433338996284|2|commit|connection 0||
1433338996303|3|statement|connection 0|     drop table Employee if exists|
1433338996307|4|statement|connection 0|     drop table Employee_Evaluation if exists|
1433338996311|4|statement|connection 0|     drop table Evaluation if exists|
1433338996314|2|statement|connection 0|     create table Employee (         id bigint generated by default as identity,         city varchar(255),         salary varchar(255),         primary key (id)     )|
1433338996317|1|statement|connection 0|     create table Employee_Evaluation (         Employee_id bigint not null,         evals_id bigint not null     )|
1433338996320|3|statement|connection 0|     create table Evaluation (         id bigint generated by default as identity,         uuid binary,         primary key (id)     )|
1433338996322|1|statement|connection 0|     alter table Employee_Evaluation          add constraint UK_1irj6ie1jqr7uge1083cst46d  unique (evals_id)|
1433338996325|2|statement|connection 0|     alter table Employee_Evaluation          add constraint FK_1irj6ie1jqr7uge1083cst46d          foreign key (evals_id)          references Evaluation|
1433338996328|2|statement|connection 0|     alter table Employee_Evaluation          add constraint FK_d5bb1cgkikdc85ucp1intbkmm          foreign key (Employee_id)          references Employee|
1433338996903|1|statement|connection 1|insert into Employee (id, city, salary) values (null, ?, ?)|insert into Employee (id, city, salary) values (null, 'Oslo', '100')
1433338996923|1|statement|connection 1|insert into Evaluation (id, uuid) values (null, ?)|insert into Evaluation (id, uuid) values (null, 'B4F92D12EC33459D92345630A428F7D9')
1433338996935|1|statement|connection 1|insert into Employee_Evaluation (Employee_id, evals_id) values (?, ?)|insert into Employee_Evaluation (Employee_id, evals_id) values (1, 1)
1433338996936|0|commit|connection 1||
1433338996969|26|statement|connection 1|select employee0_.id as id1_0_0_, employee0_.city as city2_0_0_, employee0_.salary as salary3_0_0_ from Employee employee0_ where employee0_.id=?|select employee0_.id as id1_0_0_, employee0_.city as city2_0_0_, employee0_.salary as salary3_0_0_ from Employee employee0_ where employee0_.id=1
1433338996979|1|statement|connection 1|select evals0_.Employee_id as Employee1_0_0_, evals0_.evals_id as evals_id2_1_0_, evaluation1_.id as id1_2_1_, evaluation1_.uuid as uuid2_2_1_ from Employee_Evaluation evals0_ inner join Evaluation evaluation1_ on evals0_.evals_id=evaluation1_.id where evals0_.Employee_id=?|select evals0_.Employee_id as Employee1_0_0_, evals0_.evals_id as evals_id2_1_0_, evaluation1_.id as id1_2_1_, evaluation1_.uuid as uuid2_2_1_ from Employee_Evaluation evals0_ inner join Evaluation evaluation1_ on evals0_.evals_id=evaluation1_.id where evals0_.Employee_id=1
1433338996984|1|statement|connection 1|insert into Evaluation (id, uuid) values (null, ?)|insert into Evaluation (id, uuid) values (null, '7AAE9A7465194B9EBE943CC7E367278C')
1433338996986|1|statement|connection 1|delete from Employee_Evaluation where Employee_id=?|delete from Employee_Evaluation where Employee_id=1
1433338996987|0|statement|connection 1|insert into Employee_Evaluation (Employee_id, evals_id) values (?, ?)|insert into Employee_Evaluation (Employee_id, evals_id) values (1, 1)
1433338996987|0|statement|connection 1|insert into Employee_Evaluation (Employee_id, evals_id) values (?, ?)|insert into Employee_Evaluation (Employee_id, evals_id) values (1, 2)
1433338996988|0|commit|connection 1||
1433339159050|1|commit|connection 0||
1433339159070|4|statement|connection 0|     drop table Employee if exists|
1433339159073|3|statement|connection 0|     drop table Evaluation if exists|
1433339159076|3|statement|connection 0|     create table Employee (         id bigint generated by default as identity,         city varchar(255),         salary varchar(255),         primary key (id)     )|
1433339159078|2|statement|connection 0|     create table Evaluation (         id bigint generated by default as identity,         uuid binary,         evals_id bigint,         primary key (id)     )|
1433339159083|4|statement|connection 0|     alter table Evaluation          add constraint FK_a53w0s73nyib6ya79l0w4lysj          foreign key (evals_id)          references Employee|
1433339159672|1|statement|connection 1|insert into Employee (id, city, salary) values (null, ?, ?)|insert into Employee (id, city, salary) values (null, 'Oslo', '100')
1433339159686|0|statement|connection 1|insert into Evaluation (id, uuid) values (null, ?)|insert into Evaluation (id, uuid) values (null, '9A802B7F99C74859940B9197D80C1994')
1433339159696|0|statement|connection 1|update Evaluation set evals_id=? where id=?|update Evaluation set evals_id=1 where id=1
1433339159697|0|commit|connection 1||
1433339159731|28|statement|connection 1|select employee0_.id as id1_0_0_, employee0_.city as city2_0_0_, employee0_.salary as salary3_0_0_ from Employee employee0_ where employee0_.id=?|select employee0_.id as id1_0_0_, employee0_.city as city2_0_0_, employee0_.salary as salary3_0_0_ from Employee employee0_ where employee0_.id=1
1433339159747|1|statement|connection 1|select evals0_.evals_id as evals_id3_0_0_, evals0_.id as id1_1_0_, evals0_.id as id1_1_1_, evals0_.uuid as uuid2_1_1_ from Evaluation evals0_ where evals0_.evals_id=?|select evals0_.evals_id as evals_id3_0_0_, evals0_.id as id1_1_0_, evals0_.id as id1_1_1_, evals0_.uuid as uuid2_1_1_ from Evaluation evals0_ where evals0_.evals_id=1
1433339159751|1|statement|connection 1|insert into Evaluation (id, uuid) values (null, ?)|insert into Evaluation (id, uuid) values (null, 'FB2D5CB6BD1043208438318A475B2579')
1433339159753|0|statement|connection 1|update Evaluation set evals_id=? where id=?|update Evaluation set evals_id=1 where id=2
1433339159753|0|commit|connection 1||
1433339175880|1|commit|connection 0||
1433339175899|5|statement|connection 0|     drop table Employee if exists|
1433339175902|3|statement|connection 0|     drop table Evaluation if exists|
1433339175904|1|statement|connection 0|     create table Employee (         id bigint generated by default as identity,         city varchar(255),         salary varchar(255),         version integer not null,         primary key (id)     )|
1433339175906|1|statement|connection 0|     create table Evaluation (         id bigint generated by default as identity,         uuid binary,         evals_id bigint,         primary key (id)     )|
1433339175910|2|statement|connection 0|     alter table Evaluation          add constraint FK_a53w0s73nyib6ya79l0w4lysj          foreign key (evals_id)          references Employee|
1433339176507|1|statement|connection 1|insert into Employee (id, city, salary, version) values (null, ?, ?, ?)|insert into Employee (id, city, salary, version) values (null, 'Oslo', '100', 0)
1433339176520|0|statement|connection 1|insert into Evaluation (id, uuid) values (null, ?)|insert into Evaluation (id, uuid) values (null, '13EF4F1B09E44764B47710E159DD4DB4')
1433339176530|0|statement|connection 1|update Evaluation set evals_id=? where id=?|update Evaluation set evals_id=1 where id=1
1433339176532|0|commit|connection 1||
1433339176572|35|statement|connection 1|select employee0_.id as id1_0_0_, employee0_.city as city2_0_0_, employee0_.salary as salary3_0_0_, employee0_.version as version4_0_0_ from Employee employee0_ where employee0_.id=?|select employee0_.id as id1_0_0_, employee0_.city as city2_0_0_, employee0_.salary as salary3_0_0_, employee0_.version as version4_0_0_ from Employee employee0_ where employee0_.id=1
1433339176587|2|statement|connection 1|select evals0_.evals_id as evals_id3_0_0_, evals0_.id as id1_1_0_, evals0_.id as id1_1_1_, evals0_.uuid as uuid2_1_1_ from Evaluation evals0_ where evals0_.evals_id=?|select evals0_.evals_id as evals_id3_0_0_, evals0_.id as id1_1_0_, evals0_.id as id1_1_1_, evals0_.uuid as uuid2_1_1_ from Evaluation evals0_ where evals0_.evals_id=1
1433339176591|0|statement|connection 1|insert into Evaluation (id, uuid) values (null, ?)|insert into Evaluation (id, uuid) values (null, '9AF8F29F4E614547BA4DA2DFCDA67BE5')
1433339176596|0|statement|connection 1|update Employee set city=?, salary=?, version=? where id=? and version=?|update Employee set city='Oslo', salary='100', version=1 where id=1 and version=0
1433339176598|0|statement|connection 1|update Evaluation set evals_id=? where id=?|update Evaluation set evals_id=1 where id=2
1433339176598|0|commit|connection 1||
1433339299456|2|commit|connection 0||
1433339299471|2|statement|connection 0|     drop table Employee if exists|
1433339299473|2|statement|connection 0|     drop table Evaluation if exists|
1433339299474|1|statement|connection 0|     create table Employee (         id bigint generated by default as identity,         city varchar(255),         salary varchar(255),         version integer not null,         primary key (id)     )|
1433339299477|2|statement|connection 0|     create table Evaluation (         id bigint generated by default as identity,         uuid binary,         evals_id bigint,         primary key (id)     )|
1433339299481|1|statement|connection 0|     alter table Evaluation          add constraint FK_a53w0s73nyib6ya79l0w4lysj          foreign key (evals_id)          references Employee|
1433339300055|1|statement|connection 1|insert into Employee (id, city, salary, version) values (null, ?, ?, ?)|insert into Employee (id, city, salary, version) values (null, 'Oslo', '100', 0)
1433339300068|0|statement|connection 1|insert into Evaluation (id, uuid) values (null, ?)|insert into Evaluation (id, uuid) values (null, 'DB0DE6428E9E4B2DAC8D8C08DA5B4EA1')
1433339300079|1|statement|connection 1|update Evaluation set evals_id=? where id=?|update Evaluation set evals_id=1 where id=1
1433339300080|1|commit|connection 1||
1433339300113|27|statement|connection 1|select employee0_.id as id1_0_0_, employee0_.city as city2_0_0_, employee0_.salary as salary3_0_0_, employee0_.version as version4_0_0_ from Employee employee0_ where employee0_.id=?|select employee0_.id as id1_0_0_, employee0_.city as city2_0_0_, employee0_.salary as salary3_0_0_, employee0_.version as version4_0_0_ from Employee employee0_ where employee0_.id=1
1433339300129|2|statement|connection 1|select evals0_.evals_id as evals_id3_0_0_, evals0_.id as id1_1_0_, evals0_.id as id1_1_1_, evals0_.uuid as uuid2_1_1_ from Evaluation evals0_ where evals0_.evals_id=?|select evals0_.evals_id as evals_id3_0_0_, evals0_.id as id1_1_0_, evals0_.id as id1_1_1_, evals0_.uuid as uuid2_1_1_ from Evaluation evals0_ where evals0_.evals_id=1
1433339300133|0|statement|connection 1|insert into Evaluation (id, uuid) values (null, ?)|insert into Evaluation (id, uuid) values (null, '7B79555CA2F94165BC5CD862EC58530F')
1433339300137|1|statement|connection 1|update Employee set city=?, salary=?, version=? where id=? and version=?|update Employee set city='Oslo', salary='100', version=1 where id=1 and version=0
1433339300139|1|statement|connection 1|update Evaluation set evals_id=? where id=?|update Evaluation set evals_id=1 where id=2
1433339300139|0|commit|connection 1||
1433339624966|3|commit|connection 0||
1433339624984|4|statement|connection 0|     drop table Employee if exists|
1433339624985|1|statement|connection 0|     drop table Employee_Evaluation if exists|
1433339624987|2|statement|connection 0|     drop table Evaluation if exists|
1433339624989|2|statement|connection 0|     create table Employee (         id bigint generated by default as identity,         city varchar(255),         salary varchar(255),         version integer not null,         primary key (id)     )|
1433339624991|1|statement|connection 0|     create table Employee_Evaluation (         Employee_id bigint not null,         evals_id bigint not null     )|
1433339624992|1|statement|connection 0|     create table Evaluation (         id bigint generated by default as identity,         uuid binary,         primary key (id)     )|
1433339624993|0|statement|connection 0|     alter table Employee_Evaluation          add constraint UK_1irj6ie1jqr7uge1083cst46d  unique (evals_id)|
1433339624995|2|statement|connection 0|     alter table Employee_Evaluation          add constraint FK_1irj6ie1jqr7uge1083cst46d          foreign key (evals_id)          references Evaluation|
1433339624997|1|statement|connection 0|     alter table Employee_Evaluation          add constraint FK_d5bb1cgkikdc85ucp1intbkmm          foreign key (Employee_id)          references Employee|
1433339625579|1|statement|connection 1|insert into Employee (id, city, salary, version) values (null, ?, ?, ?)|insert into Employee (id, city, salary, version) values (null, 'Oslo', '100', 0)
1433339625600|1|statement|connection 1|insert into Evaluation (id, uuid) values (null, ?)|insert into Evaluation (id, uuid) values (null, 'B5188EDEA7A34B12916542494E62C0F8')
1433339625612|0|statement|connection 1|insert into Employee_Evaluation (Employee_id, evals_id) values (?, ?)|insert into Employee_Evaluation (Employee_id, evals_id) values (1, 1)
1433339625614|1|commit|connection 1||
1433339625648|27|statement|connection 1|select employee0_.id as id1_0_0_, employee0_.city as city2_0_0_, employee0_.salary as salary3_0_0_, employee0_.version as version4_0_0_ from Employee employee0_ where employee0_.id=?|select employee0_.id as id1_0_0_, employee0_.city as city2_0_0_, employee0_.salary as salary3_0_0_, employee0_.version as version4_0_0_ from Employee employee0_ where employee0_.id=1
1433339625659|2|statement|connection 1|select evals0_.Employee_id as Employee1_0_0_, evals0_.evals_id as evals_id2_1_0_, evaluation1_.id as id1_2_1_, evaluation1_.uuid as uuid2_2_1_ from Employee_Evaluation evals0_ inner join Evaluation evaluation1_ on evals0_.evals_id=evaluation1_.id where evals0_.Employee_id=?|select evals0_.Employee_id as Employee1_0_0_, evals0_.evals_id as evals_id2_1_0_, evaluation1_.id as id1_2_1_, evaluation1_.uuid as uuid2_2_1_ from Employee_Evaluation evals0_ inner join Evaluation evaluation1_ on evals0_.evals_id=evaluation1_.id where evals0_.Employee_id=1
1433339625664|0|statement|connection 1|insert into Evaluation (id, uuid) values (null, ?)|insert into Evaluation (id, uuid) values (null, '9850E272B904442799947FA7C084EA64')
1433339625667|0|statement|connection 1|update Employee set city=?, salary=?, version=? where id=? and version=?|update Employee set city='Oslo', salary='100', version=1 where id=1 and version=0
1433339625670|0|statement|connection 1|delete from Employee_Evaluation where Employee_id=?|delete from Employee_Evaluation where Employee_id=1
1433339625671|1|statement|connection 1|insert into Employee_Evaluation (Employee_id, evals_id) values (?, ?)|insert into Employee_Evaluation (Employee_id, evals_id) values (1, 1)
1433339625671|0|statement|connection 1|insert into Employee_Evaluation (Employee_id, evals_id) values (?, ?)|insert into Employee_Evaluation (Employee_id, evals_id) values (1, 2)
1433339625672|0|commit|connection 1||
1433339739627|1|commit|connection 0||
1433339739645|5|statement|connection 0|     drop table Employee if exists|
1433339739647|2|statement|connection 0|     drop table Employee_Evaluation if exists|
1433339739650|2|statement|connection 0|     drop table Evaluation if exists|
1433339739653|2|statement|connection 0|     create table Employee (         id bigint generated by default as identity,         city varchar(255),         salary varchar(255),         version integer not null,         primary key (id)     )|
1433339739657|1|statement|connection 0|     create table Employee_Evaluation (         Employee_id bigint not null,         evals_id bigint not null     )|
1433339739660|2|statement|connection 0|     create table Evaluation (         id bigint generated by default as identity,         uuid binary,         primary key (id)     )|
1433339739661|1|statement|connection 0|     alter table Employee_Evaluation          add constraint UK_1irj6ie1jqr7uge1083cst46d  unique (evals_id)|
1433339739663|2|statement|connection 0|     alter table Employee_Evaluation          add constraint FK_1irj6ie1jqr7uge1083cst46d          foreign key (evals_id)          references Evaluation|
1433339739665|2|statement|connection 0|     alter table Employee_Evaluation          add constraint FK_d5bb1cgkikdc85ucp1intbkmm          foreign key (Employee_id)          references Employee|
1433339740246|1|statement|connection 1|insert into Employee (id, city, salary, version) values (null, ?, ?, ?)|insert into Employee (id, city, salary, version) values (null, 'Oslo', '100', 0)
1433339740266|1|statement|connection 1|insert into Evaluation (id, uuid) values (null, ?)|insert into Evaluation (id, uuid) values (null, '25D35C4FFE7F467B8E5E19505FDCDC76')
1433339740277|1|statement|connection 1|insert into Employee_Evaluation (Employee_id, evals_id) values (?, ?)|insert into Employee_Evaluation (Employee_id, evals_id) values (1, 1)
1433339740278|0|commit|connection 1||
1433339740310|26|statement|connection 1|select employee0_.id as id1_0_0_, employee0_.city as city2_0_0_, employee0_.salary as salary3_0_0_, employee0_.version as version4_0_0_ from Employee employee0_ where employee0_.id=?|select employee0_.id as id1_0_0_, employee0_.city as city2_0_0_, employee0_.salary as salary3_0_0_, employee0_.version as version4_0_0_ from Employee employee0_ where employee0_.id=1
1433339740321|2|statement|connection 1|select evals0_.Employee_id as Employee1_0_0_, evals0_.evals_id as evals_id2_1_0_, evaluation1_.id as id1_2_1_, evaluation1_.uuid as uuid2_2_1_ from Employee_Evaluation evals0_ inner join Evaluation evaluation1_ on evals0_.evals_id=evaluation1_.id where evals0_.Employee_id=?|select evals0_.Employee_id as Employee1_0_0_, evals0_.evals_id as evals_id2_1_0_, evaluation1_.id as id1_2_1_, evaluation1_.uuid as uuid2_2_1_ from Employee_Evaluation evals0_ inner join Evaluation evaluation1_ on evals0_.evals_id=evaluation1_.id where evals0_.Employee_id=1
1433339740325|0|statement|connection 1|insert into Evaluation (id, uuid) values (null, ?)|insert into Evaluation (id, uuid) values (null, '441B54F4459E4F169D41D42C4E74DE8E')
1433339740329|1|statement|connection 1|update Employee set city=?, salary=?, version=? where id=? and version=?|update Employee set city='Oslo', salary='100', version=1 where id=1 and version=0
1433339740331|0|statement|connection 1|delete from Employee_Evaluation where Employee_id=?|delete from Employee_Evaluation where Employee_id=1
1433339740332|0|statement|connection 1|insert into Employee_Evaluation (Employee_id, evals_id) values (?, ?)|insert into Employee_Evaluation (Employee_id, evals_id) values (1, 1)
1433339740332|0|statement|connection 1|insert into Employee_Evaluation (Employee_id, evals_id) values (?, ?)|insert into Employee_Evaluation (Employee_id, evals_id) values (1, 2)
1433339740332|0|commit|connection 1||
1433340006938|1|commit|connection 0||
1433340006953|2|statement|connection 0|     drop table Employee if exists|
1433340006955|2|statement|connection 0|     drop table Employee_Evaluation if exists|
1433340006956|1|statement|connection 0|     drop table Evaluation if exists|
1433340006958|1|statement|connection 0|     create table Employee (         id bigint generated by default as identity,         city varchar(255),         salary varchar(255),         version integer not null,         primary key (id)     )|
1433340006959|0|statement|connection 0|     create table Employee_Evaluation (         Employee_id bigint not null,         evals_id bigint not null,         primary key (Employee_id, evals_id)     )|
1433340006961|1|statement|connection 0|     create table Evaluation (         id bigint generated by default as identity,         uuid binary,         primary key (id)     )|
1433340006962|0|statement|connection 0|     alter table Employee_Evaluation          add constraint UK_1irj6ie1jqr7uge1083cst46d  unique (evals_id)|
1433340006963|1|statement|connection 0|     alter table Employee_Evaluation          add constraint FK_1irj6ie1jqr7uge1083cst46d          foreign key (evals_id)          references Evaluation|
1433340006965|1|statement|connection 0|     alter table Employee_Evaluation          add constraint FK_d5bb1cgkikdc85ucp1intbkmm          foreign key (Employee_id)          references Employee|
1433340007558|0|statement|connection 1|insert into Employee (id, city, salary, version) values (null, ?, ?, ?)|insert into Employee (id, city, salary, version) values (null, 'Oslo', '100', 0)
1433340007578|0|statement|connection 1|insert into Evaluation (id, uuid) values (null, ?)|insert into Evaluation (id, uuid) values (null, 'D1CCA0357DA841D2B7E783D290071BDB')
1433340007589|0|statement|connection 1|insert into Employee_Evaluation (Employee_id, evals_id) values (?, ?)|insert into Employee_Evaluation (Employee_id, evals_id) values (1, 1)
1433340007590|0|commit|connection 1||
1433340007623|26|statement|connection 1|select employee0_.id as id1_0_0_, employee0_.city as city2_0_0_, employee0_.salary as salary3_0_0_, employee0_.version as version4_0_0_ from Employee employee0_ where employee0_.id=?|select employee0_.id as id1_0_0_, employee0_.city as city2_0_0_, employee0_.salary as salary3_0_0_, employee0_.version as version4_0_0_ from Employee employee0_ where employee0_.id=1
1433340007633|1|statement|connection 1|select evals0_.Employee_id as Employee1_0_0_, evals0_.evals_id as evals_id2_1_0_, evaluation1_.id as id1_2_1_, evaluation1_.uuid as uuid2_2_1_ from Employee_Evaluation evals0_ inner join Evaluation evaluation1_ on evals0_.evals_id=evaluation1_.id where evals0_.Employee_id=?|select evals0_.Employee_id as Employee1_0_0_, evals0_.evals_id as evals_id2_1_0_, evaluation1_.id as id1_2_1_, evaluation1_.uuid as uuid2_2_1_ from Employee_Evaluation evals0_ inner join Evaluation evaluation1_ on evals0_.evals_id=evaluation1_.id where evals0_.Employee_id=1
1433340007637|0|statement|connection 1|insert into Evaluation (id, uuid) values (null, ?)|insert into Evaluation (id, uuid) values (null, '1549E12C6A34420892E11BD5848714A6')
1433340007641|1|statement|connection 1|update Employee set city=?, salary=?, version=? where id=? and version=?|update Employee set city='Oslo', salary='100', version=1 where id=1 and version=0
1433340007643|0|statement|connection 1|insert into Employee_Evaluation (Employee_id, evals_id) values (?, ?)|insert into Employee_Evaluation (Employee_id, evals_id) values (1, 2)
1433340007644|0|commit|connection 1||
1433340188384|1|commit|connection 0||
1433340188404|6|statement|connection 0|     drop table Employee if exists|
1433340188406|2|statement|connection 0|     drop table Employee_Evaluation if exists|
1433340188407|1|statement|connection 0|     drop table Evaluation if exists|
1433340188409|1|statement|connection 0|     create table Employee (         id bigint generated by default as identity,         city varchar(255),         salary varchar(255),         version integer not null,         primary key (id)     )|
1433340188411|0|statement|connection 0|     create table Employee_Evaluation (         Employee_id bigint not null,         evals_id bigint not null     )|
1433340188413|1|statement|connection 0|     create table Evaluation (         id bigint generated by default as identity,         uuid binary,         primary key (id)     )|
1433340188414|1|statement|connection 0|     alter table Employee_Evaluation          add constraint UK_1irj6ie1jqr7uge1083cst46d  unique (evals_id)|
1433340188416|2|statement|connection 0|     alter table Employee_Evaluation          add constraint FK_1irj6ie1jqr7uge1083cst46d          foreign key (evals_id)          references Evaluation|
1433340188419|2|statement|connection 0|     alter table Employee_Evaluation          add constraint FK_d5bb1cgkikdc85ucp1intbkmm          foreign key (Employee_id)          references Employee|
1433340189027|1|statement|connection 1|insert into Employee (id, city, salary, version) values (null, ?, ?, ?)|insert into Employee (id, city, salary, version) values (null, 'Oslo', '100', 0)
1433340189047|1|statement|connection 1|insert into Evaluation (id, uuid) values (null, ?)|insert into Evaluation (id, uuid) values (null, '13868BE6A70F4C0EB7E9120DF8001497')
1433340189058|0|statement|connection 1|insert into Employee_Evaluation (Employee_id, evals_id) values (?, ?)|insert into Employee_Evaluation (Employee_id, evals_id) values (1, 1)
1433340189059|0|commit|connection 1||
1433340189104|39|statement|connection 1|select employee0_.id as id1_0_0_, employee0_.city as city2_0_0_, employee0_.salary as salary3_0_0_, employee0_.version as version4_0_0_ from Employee employee0_ where employee0_.id=?|select employee0_.id as id1_0_0_, employee0_.city as city2_0_0_, employee0_.salary as salary3_0_0_, employee0_.version as version4_0_0_ from Employee employee0_ where employee0_.id=1
1433340189114|1|statement|connection 1|select evals0_.Employee_id as Employee1_0_0_, evals0_.evals_id as evals_id2_1_0_, evaluation1_.id as id1_2_1_, evaluation1_.uuid as uuid2_2_1_ from Employee_Evaluation evals0_ inner join Evaluation evaluation1_ on evals0_.evals_id=evaluation1_.id where evals0_.Employee_id=?|select evals0_.Employee_id as Employee1_0_0_, evals0_.evals_id as evals_id2_1_0_, evaluation1_.id as id1_2_1_, evaluation1_.uuid as uuid2_2_1_ from Employee_Evaluation evals0_ inner join Evaluation evaluation1_ on evals0_.evals_id=evaluation1_.id where evals0_.Employee_id=1
1433340189118|0|statement|connection 1|insert into Evaluation (id, uuid) values (null, ?)|insert into Evaluation (id, uuid) values (null, '1B1896850A7F499D80149455ADE12930')
1433340189122|1|statement|connection 1|update Employee set city=?, salary=?, version=? where id=? and version=?|update Employee set city='Oslo', salary='100', version=1 where id=1 and version=0
1433340189124|1|statement|connection 1|delete from Employee_Evaluation where Employee_id=?|delete from Employee_Evaluation where Employee_id=1
1433340189124|0|statement|connection 1|insert into Employee_Evaluation (Employee_id, evals_id) values (?, ?)|insert into Employee_Evaluation (Employee_id, evals_id) values (1, 1)
1433340189125|0|statement|connection 1|insert into Employee_Evaluation (Employee_id, evals_id) values (?, ?)|insert into Employee_Evaluation (Employee_id, evals_id) values (1, 2)
1433340189125|0|commit|connection 1||
1433340219587|2|commit|connection 0||
1433340219608|6|statement|connection 0|     drop table Employee if exists|
1433340219611|3|statement|connection 0|     drop table Employee_Evaluation if exists|
1433340219615|3|statement|connection 0|     drop table Evaluation if exists|
1433340219618|3|statement|connection 0|     create table Employee (         id bigint generated by default as identity,         city varchar(255),         salary varchar(255),         version integer not null,         primary key (id)     )|
1433340219622|2|statement|connection 0|     create table Employee_Evaluation (         Employee_id bigint not null,         evals_id bigint not null     )|
1433340219624|2|statement|connection 0|     create table Evaluation (         id bigint generated by default as identity,         uuid binary,         primary key (id)     )|
1433340219626|1|statement|connection 0|     alter table Employee_Evaluation          add constraint UK_1irj6ie1jqr7uge1083cst46d  unique (evals_id)|
1433340219628|2|statement|connection 0|     alter table Employee_Evaluation          add constraint FK_1irj6ie1jqr7uge1083cst46d          foreign key (evals_id)          references Evaluation|
1433340219630|2|statement|connection 0|     alter table Employee_Evaluation          add constraint FK_d5bb1cgkikdc85ucp1intbkmm          foreign key (Employee_id)          references Employee|
1433340220211|1|statement|connection 1|insert into Employee (id, city, salary, version) values (null, ?, ?, ?)|insert into Employee (id, city, salary, version) values (null, 'Oslo', '100', 0)
1433340220230|1|statement|connection 1|insert into Evaluation (id, uuid) values (null, ?)|insert into Evaluation (id, uuid) values (null, '985D1414AF514B8ABF7F3B28FBFC8B69')
1433340220243|0|statement|connection 1|insert into Employee_Evaluation (Employee_id, evals_id) values (?, ?)|insert into Employee_Evaluation (Employee_id, evals_id) values (1, 1)
1433340220244|0|commit|connection 1||
1433340220284|33|statement|connection 1|select employee0_.id as id1_0_0_, employee0_.city as city2_0_0_, employee0_.salary as salary3_0_0_, employee0_.version as version4_0_0_ from Employee employee0_ where employee0_.id=?|select employee0_.id as id1_0_0_, employee0_.city as city2_0_0_, employee0_.salary as salary3_0_0_, employee0_.version as version4_0_0_ from Employee employee0_ where employee0_.id=1
1433340220294|2|statement|connection 1|select evals0_.Employee_id as Employee1_0_0_, evals0_.evals_id as evals_id2_1_0_, evaluation1_.id as id1_2_1_, evaluation1_.uuid as uuid2_2_1_ from Employee_Evaluation evals0_ inner join Evaluation evaluation1_ on evals0_.evals_id=evaluation1_.id where evals0_.Employee_id=?|select evals0_.Employee_id as Employee1_0_0_, evals0_.evals_id as evals_id2_1_0_, evaluation1_.id as id1_2_1_, evaluation1_.uuid as uuid2_2_1_ from Employee_Evaluation evals0_ inner join Evaluation evaluation1_ on evals0_.evals_id=evaluation1_.id where evals0_.Employee_id=1
1433340220298|0|statement|connection 1|insert into Evaluation (id, uuid) values (null, ?)|insert into Evaluation (id, uuid) values (null, 'B1117F86EF894119A5EE1521605BA5F2')
1433340220302|0|statement|connection 1|update Employee set city=?, salary=?, version=? where id=? and version=?|update Employee set city='Oslo', salary='100', version=1 where id=1 and version=0
1433340220304|0|statement|connection 1|delete from Employee_Evaluation where Employee_id=?|delete from Employee_Evaluation where Employee_id=1
1433340220305|1|statement|connection 1|insert into Employee_Evaluation (Employee_id, evals_id) values (?, ?)|insert into Employee_Evaluation (Employee_id, evals_id) values (1, 1)
1433340220305|0|statement|connection 1|insert into Employee_Evaluation (Employee_id, evals_id) values (?, ?)|insert into Employee_Evaluation (Employee_id, evals_id) values (1, 2)
1433340220306|0|commit|connection 1||
1433340797786|1|commit|connection 0||
1433340797807|6|statement|connection 0|     drop table Employee if exists|
1433340797810|3|statement|connection 0|     drop table Employee_Evaluation if exists|
1433340797812|1|statement|connection 0|     drop table Evaluation if exists|
1433340797813|1|statement|connection 0|     create table Employee (         id bigint generated by default as identity,         city varchar(255),         salary varchar(255),         version integer not null,         primary key (id)     )|
1433340797815|1|statement|connection 0|     create table Employee_Evaluation (         Employee_id bigint not null,         evals_id bigint not null     )|
1433340797816|1|statement|connection 0|     create table Evaluation (         id bigint generated by default as identity,         uuid binary,         primary key (id)     )|
1433340797817|0|statement|connection 0|     alter table Employee_Evaluation          add constraint UK_1irj6ie1jqr7uge1083cst46d  unique (evals_id)|
1433340797819|1|statement|connection 0|     alter table Employee_Evaluation          add constraint FK_1irj6ie1jqr7uge1083cst46d          foreign key (evals_id)          references Evaluation|
1433340797822|2|statement|connection 0|     alter table Employee_Evaluation          add constraint FK_d5bb1cgkikdc85ucp1intbkmm          foreign key (Employee_id)          references Employee|
1433340798443|1|statement|connection 1|insert into Employee (id, city, salary, version) values (null, ?, ?, ?)|insert into Employee (id, city, salary, version) values (null, 'Oslo', '100', 0)
1433340798455|0|statement|connection 1|insert into Evaluation (id, uuid) values (null, ?)|insert into Evaluation (id, uuid) values (null, '9E41B041738642818C57B588454ED70E')
1433340798470|0|statement|connection 1|insert into Employee_Evaluation (Employee_id, evals_id) values (?, ?)|insert into Employee_Evaluation (Employee_id, evals_id) values (1, 1)
1433340798471|0|commit|connection 1||
1433340798516|37|statement|connection 1|select employee0_.id as id1_0_0_, employee0_.city as city2_0_0_, employee0_.salary as salary3_0_0_, employee0_.version as version4_0_0_ from Employee employee0_ where employee0_.id=?|select employee0_.id as id1_0_0_, employee0_.city as city2_0_0_, employee0_.salary as salary3_0_0_, employee0_.version as version4_0_0_ from Employee employee0_ where employee0_.id=1
1433340798528|1|statement|connection 1|select evals0_.Employee_id as Employee1_0_0_, evals0_.evals_id as evals_id2_1_0_, evaluation1_.id as id1_2_1_, evaluation1_.uuid as uuid2_2_1_ from Employee_Evaluation evals0_ inner join Evaluation evaluation1_ on evals0_.evals_id=evaluation1_.id where evals0_.Employee_id=?|select evals0_.Employee_id as Employee1_0_0_, evals0_.evals_id as evals_id2_1_0_, evaluation1_.id as id1_2_1_, evaluation1_.uuid as uuid2_2_1_ from Employee_Evaluation evals0_ inner join Evaluation evaluation1_ on evals0_.evals_id=evaluation1_.id where evals0_.Employee_id=1
1433340798534|1|statement|connection 1|insert into Evaluation (id, uuid) values (null, ?)|insert into Evaluation (id, uuid) values (null, 'C650D3AA4CD84C09B6AB735330421563')
1433340798538|0|statement|connection 1|update Employee set city=?, salary=?, version=? where id=? and version=?|update Employee set city='Oslo', salary='100', version=1 where id=1 and version=0
1433340798540|0|statement|connection 1|delete from Employee_Evaluation where Employee_id=?|delete from Employee_Evaluation where Employee_id=1
1433340798541|0|statement|connection 1|insert into Employee_Evaluation (Employee_id, evals_id) values (?, ?)|insert into Employee_Evaluation (Employee_id, evals_id) values (1, 1)
1433340798542|0|statement|connection 1|insert into Employee_Evaluation (Employee_id, evals_id) values (?, ?)|insert into Employee_Evaluation (Employee_id, evals_id) values (1, 2)
1433340798542|0|commit|connection 1||
1433449981796|1|commit|connection 0||
1433449981813|2|statement|connection 0|     drop table Employee if exists|
1433449981813|0|statement|connection 0|     drop table Employee_addresses if exists|
1433449981814|1|statement|connection 0|     create table Employee (         id bigint generated by default as identity,         name varchar(255),         primary key (id)     )|
1433449981815|1|statement|connection 0|     create table Employee_addresses (         Employee_id bigint not null,         city varchar(255),         street varchar(255)     )|
1433449981817|1|statement|connection 0|     alter table Employee_addresses          add constraint FK_hn80eevxprxh782syyhjvedn6          foreign key (Employee_id)          references Employee|
1433449982368|1|statement|connection 1|insert into Employee (id, name) values (null, ?)|insert into Employee (id, name) values (null, NULL)
1433449982382|1|statement|connection 1|insert into Employee_addresses (Employee_id, city, street) values (?, ?, ?)|insert into Employee_addresses (Employee_id, city, street) values (1, NULL, NULL)
1433449982383|1|statement|connection 1|insert into Employee_addresses (Employee_id, city, street) values (?, ?, ?)|insert into Employee_addresses (Employee_id, city, street) values (1, NULL, NULL)
1433449982384|1|commit|connection 1||
1433450061848|1|commit|connection 0||
1433450061866|3|statement|connection 0|     drop table Employee if exists|
1433450061868|1|statement|connection 0|     drop table Employee_addresses if exists|
1433450061871|3|statement|connection 0|     create table Employee (         id bigint generated by default as identity,         name varchar(255),         primary key (id)     )|
1433450061872|1|statement|connection 0|     create table Employee_addresses (         Employee_id bigint not null,         city varchar(255),         street varchar(255)     )|
1433450061877|3|statement|connection 0|     alter table Employee_addresses          add constraint FK_hn80eevxprxh782syyhjvedn6          foreign key (Employee_id)          references Employee|
1433450062501|0|statement|connection 1|insert into Employee (id, name) values (null, ?)|insert into Employee (id, name) values (null, NULL)
1433450062516|0|statement|connection 1|insert into Employee_addresses (Employee_id, city, street) values (?, ?, ?)|insert into Employee_addresses (Employee_id, city, street) values (1, NULL, NULL)
1433450062516|0|statement|connection 1|insert into Employee_addresses (Employee_id, city, street) values (?, ?, ?)|insert into Employee_addresses (Employee_id, city, street) values (1, NULL, NULL)
1433450062518|1|commit|connection 1||
1433450097938|1|commit|connection 0||
1433450097949|0|statement|connection 0|     drop table Employee if exists|
1433450097950|0|statement|connection 0|     drop table Employee_addresses if exists|
1433450097953|3|statement|connection 0|     create table Employee (         id bigint generated by default as identity,         name varchar(255),         primary key (id)     )|
1433450097954|1|statement|connection 0|     create table Employee_addresses (         Employee_id bigint not null,         city varchar(255),         street varchar(255)     )|
1433450097965|10|statement|connection 0|     alter table Employee_addresses          add constraint FK_hn80eevxprxh782syyhjvedn6          foreign key (Employee_id)          references Employee|
1433450098595|2|statement|connection 1|insert into Employee (id, name) values (null, ?)|insert into Employee (id, name) values (null, NULL)
1433450098620|1|statement|connection 1|insert into Employee_addresses (Employee_id, city, street) values (?, ?, ?)|insert into Employee_addresses (Employee_id, city, street) values (1, NULL, NULL)
1433450098621|0|statement|connection 1|insert into Employee_addresses (Employee_id, city, street) values (?, ?, ?)|insert into Employee_addresses (Employee_id, city, street) values (1, NULL, NULL)
1433450098623|1|commit|connection 1||
1433450470545|2|commit|connection 0||
1433450470564|5|statement|connection 0|     drop table Employee if exists|
1433450470566|1|statement|connection 0|     drop table Employee_addresses if exists|
1433450470567|1|statement|connection 0|     create table Employee (         id bigint generated by default as identity,         name varchar(255),         primary key (id)     )|
1433450470568|0|statement|connection 0|     create table Employee_addresses (         Employee_id bigint not null,         city varchar(255),         street varchar(255)     )|
1433450470571|2|statement|connection 0|     alter table Employee_addresses          add constraint FK_hn80eevxprxh782syyhjvedn6          foreign key (Employee_id)          references Employee|
1433450471167|1|statement|connection 1|insert into Employee (id, name) values (null, ?)|insert into Employee (id, name) values (null, NULL)
1433450471183|0|statement|connection 1|insert into Employee_addresses (Employee_id, city, street) values (?, ?, ?)|insert into Employee_addresses (Employee_id, city, street) values (1, NULL, NULL)
1433450471184|0|statement|connection 1|insert into Employee_addresses (Employee_id, city, street) values (?, ?, ?)|insert into Employee_addresses (Employee_id, city, street) values (1, NULL, NULL)
1433450471185|0|commit|connection 1||
1433450487280|1|commit|connection 0||
1433450487301|5|statement|connection 0|     drop table Employee if exists|
1433450487302|1|statement|connection 0|     drop table Employee_addresses if exists|
1433450487304|1|statement|connection 0|     create table Employee (         id bigint generated by default as identity,         name varchar(255),         primary key (id)     )|
1433450487306|2|statement|connection 0|     create table Employee_addresses (         Employee_id bigint not null,         city varchar(255),         street varchar(255)     )|
1433450487312|3|statement|connection 0|     alter table Employee_addresses          add constraint FK_hn80eevxprxh782syyhjvedn6          foreign key (Employee_id)          references Employee|
1433450487889|1|statement|connection 1|insert into Employee (id, name) values (null, ?)|insert into Employee (id, name) values (null, NULL)
1433450487904|0|statement|connection 1|insert into Employee_addresses (Employee_id, city, street) values (?, ?, ?)|insert into Employee_addresses (Employee_id, city, street) values (1, NULL, NULL)
1433450487905|0|statement|connection 1|insert into Employee_addresses (Employee_id, city, street) values (?, ?, ?)|insert into Employee_addresses (Employee_id, city, street) values (1, NULL, NULL)
1433450487906|0|commit|connection 1||
1433450637397|1|commit|connection 0||
1433450637413|3|statement|connection 0|     drop table Employee if exists|
1433450637414|1|statement|connection 0|     drop table Employee_addresses if exists|
1433450637414|0|statement|connection 0|     drop table Employee_names if exists|
1433450637415|0|statement|connection 0|     create table Employee (         id bigint generated by default as identity,         primary key (id)     )|
1433450637417|1|statement|connection 0|     create table Employee_addresses (         Employee_id bigint not null,         city varchar(255),         street varchar(255)     )|
1433450637417|0|statement|connection 0|     create table Employee_names (         Employee_id bigint not null,         names varchar(255)     )|
1433450637419|1|statement|connection 0|     alter table Employee_addresses          add constraint FK_hn80eevxprxh782syyhjvedn6          foreign key (Employee_id)          references Employee|
1433450637420|1|statement|connection 0|     alter table Employee_names          add constraint FK_sa1d4un1wglrb046ela58ndlg          foreign key (Employee_id)          references Employee|
1433450637969|2|statement|connection 1|insert into Employee (id) values (null)|insert into Employee (id) values (null)
1433450637985|1|statement|connection 1|insert into Employee_addresses (Employee_id, city, street) values (?, ?, ?)|insert into Employee_addresses (Employee_id, city, street) values (1, NULL, NULL)
1433450637990|5|statement|connection 1|insert into Employee_addresses (Employee_id, city, street) values (?, ?, ?)|insert into Employee_addresses (Employee_id, city, street) values (1, NULL, NULL)
1433450637992|0|statement|connection 1|insert into Employee_names (Employee_id, names) values (?, ?)|insert into Employee_names (Employee_id, names) values (1, 'karsten')
1433450637993|0|statement|connection 1|insert into Employee_names (Employee_id, names) values (?, ?)|insert into Employee_names (Employee_id, names) values (1, 'vileid')
1433450637995|0|commit|connection 1||
1433450664453|1|commit|connection 0||
1433450664473|7|statement|connection 0|     drop table Employee if exists|
1433450664474|1|statement|connection 0|     drop table Employee_addresses if exists|
1433450664476|1|statement|connection 0|     drop table Employee_names if exists|
1433450664477|1|statement|connection 0|     create table Employee (         id bigint generated by default as identity,         primary key (id)     )|
1433450664478|0|statement|connection 0|     create table Employee_addresses (         Employee_id bigint not null,         city varchar(255),         street varchar(255)     )|
1433450664479|0|statement|connection 0|     create table Employee_names (         Employee_id bigint not null,         MY_NAME varchar(255)     )|
1433450664481|1|statement|connection 0|     alter table Employee_addresses          add constraint FK_hn80eevxprxh782syyhjvedn6          foreign key (Employee_id)          references Employee|
1433450664482|1|statement|connection 0|     alter table Employee_names          add constraint FK_sa1d4un1wglrb046ela58ndlg          foreign key (Employee_id)          references Employee|
1433450665136|0|statement|connection 1|insert into Employee (id) values (null)|insert into Employee (id) values (null)
1433450665154|1|statement|connection 1|insert into Employee_addresses (Employee_id, city, street) values (?, ?, ?)|insert into Employee_addresses (Employee_id, city, street) values (1, NULL, NULL)
1433450665160|5|statement|connection 1|insert into Employee_addresses (Employee_id, city, street) values (?, ?, ?)|insert into Employee_addresses (Employee_id, city, street) values (1, NULL, NULL)
1433450665161|0|statement|connection 1|insert into Employee_names (Employee_id, MY_NAME) values (?, ?)|insert into Employee_names (Employee_id, MY_NAME) values (1, 'karsten')
1433450665162|1|statement|connection 1|insert into Employee_names (Employee_id, MY_NAME) values (?, ?)|insert into Employee_names (Employee_id, MY_NAME) values (1, 'vileid')
1433450665164|1|commit|connection 1||
1433453280077|1|commit|connection 0||
1433453280090|0|statement|connection 0|     drop table Address if exists|
1433453280098|7|statement|connection 0|     drop table Employee if exists|
1433453280099|1|statement|connection 0|     create table Address (         id bigint generated by default as identity,         city varchar(255),         street varchar(255),         emp_id bigint,         primary key (id)     )|
1433453280100|1|statement|connection 0|     create table Employee (         id bigint generated by default as identity,         primary key (id)     )|
1433453280103|2|statement|connection 0|     alter table Address          add constraint FK_482g3bhbkhv2cgytyefllyg2l          foreign key (emp_id)          references Employee|
1433453280704|1|statement|connection 1|insert into Employee (id) values (null)|insert into Employee (id) values (null)
1433453280715|0|commit|connection 1||
1433453399222|1|commit|connection 0||
1433453399239|4|statement|connection 0|     drop table Address if exists|
1433453399242|3|statement|connection 0|     drop table Employee if exists|
1433453399244|2|statement|connection 0|     create table Address (         id bigint generated by default as identity,         city varchar(255),         street varchar(255),         emp_id bigint,         addresses_KEY varchar(255),         primary key (id)     )|
1433453399246|1|statement|connection 0|     create table Employee (         id bigint generated by default as identity,         primary key (id)     )|
1433453399249|2|statement|connection 0|     alter table Address          add constraint FK_482g3bhbkhv2cgytyefllyg2l          foreign key (emp_id)          references Employee|
1433453399872|1|statement|connection 1|insert into Employee (id) values (null)|insert into Employee (id) values (null)
1433453399896|2|rollback|connection 1||
1433453441569|1|commit|connection 0||
1433453441584|3|statement|connection 0|     drop table Address if exists|
1433453441585|1|statement|connection 0|     drop table Employee if exists|
1433453441587|2|statement|connection 0|     create table Address (         id bigint generated by default as identity,         city varchar(255),         street varchar(255),         emp_id bigint,         addresses_KEY varchar(255),         primary key (id)     )|
1433453441588|1|statement|connection 0|     create table Employee (         id bigint generated by default as identity,         primary key (id)     )|
1433453441590|1|statement|connection 0|     alter table Address          add constraint FK_482g3bhbkhv2cgytyefllyg2l          foreign key (emp_id)          references Employee|
1433453442191|1|statement|connection 1|insert into Employee (id) values (null)|insert into Employee (id) values (null)
1433453442202|1|statement|connection 1|insert into Address (id, city, emp_id, street) values (null, ?, ?, ?)|insert into Address (id, city, emp_id, street) values (null, NULL, 1, NULL)
1433453442204|1|statement|connection 1|insert into Address (id, city, emp_id, street) values (null, ?, ?, ?)|insert into Address (id, city, emp_id, street) values (null, NULL, 1, NULL)
1433453442214|1|statement|connection 1|update Address set addresses_KEY=? where id=?|update Address set addresses_KEY='work' where id=1
1433453442215|1|statement|connection 1|update Address set addresses_KEY=? where id=?|update Address set addresses_KEY='home' where id=2
1433453442216|1|commit|connection 1||
1433453566765|1|commit|connection 0||
1433453566780|2|statement|connection 0|     drop table Address if exists|
1433453566781|1|statement|connection 0|     drop table Employee if exists|
1433453566782|1|statement|connection 0|     create table Address (         id bigint generated by default as identity,         city varchar(255),         street varchar(255),         emp_id bigint,         addr_type varchar(255) not null,         primary key (id)     )|
1433453566784|0|statement|connection 0|     create table Employee (         id bigint generated by default as identity,         primary key (id)     )|
1433453566786|1|statement|connection 0|     alter table Address          add constraint FK_482g3bhbkhv2cgytyefllyg2l          foreign key (emp_id)          references Employee|
1433453567379|1|statement|connection 1|insert into Employee (id) values (null)|insert into Employee (id) values (null)
1433453567391|2|statement|connection 1|insert into Address (id, city, emp_id, street) values (null, ?, ?, ?)|insert into Address (id, city, emp_id, street) values (null, NULL, 1, NULL)
1433453632852|1|commit|connection 0||
1433453632868|2|statement|connection 0|     drop table Address if exists|
1433453634870|2001|statement|connection 0|     drop table Employee if exists|
1433453634872|1|statement|connection 0|     create table Address (         id bigint generated by default as identity,         city varchar(255),         street varchar(255),         emp_id bigint,         addresses_KEY varchar(255),         primary key (id)     )|
1433453634874|1|statement|connection 0|     create table Employee (         id bigint generated by default as identity,         primary key (id)     )|
1433453634876|2|statement|connection 0|     alter table Address          add constraint FK_482g3bhbkhv2cgytyefllyg2l          foreign key (emp_id)          references Employee|
1433453635445|1|statement|connection 1|insert into Employee (id) values (null)|insert into Employee (id) values (null)
1433453635457|1|statement|connection 1|insert into Address (id, city, emp_id, street) values (null, ?, ?, ?)|insert into Address (id, city, emp_id, street) values (null, NULL, 2, NULL)
1433453635459|1|statement|connection 1|insert into Address (id, city, emp_id, street) values (null, ?, ?, ?)|insert into Address (id, city, emp_id, street) values (null, NULL, 2, NULL)
1433453635471|1|statement|connection 1|update Address set addresses_KEY=? where id=?|update Address set addresses_KEY='work' where id=1
1433453635477|1|statement|connection 1|update Address set addresses_KEY=? where id=?|update Address set addresses_KEY='home' where id=2
1433453635478|0|commit|connection 1||
1433453700428|1|commit|connection 0||
1433453700446|2|statement|connection 0|     drop table Address if exists|
1433453702448|2001|statement|connection 0|     drop table Employee if exists|
1433453702456|6|statement|connection 0|     create table Address (         id bigint generated by default as identity,         city varchar(255),         street varchar(255),         emp_id bigint,         addr_type varchar(255) not null,         primary key (id)     )|
1433453702459|2|statement|connection 0|     create table Employee (         id bigint generated by default as identity,         primary key (id)     )|
1433453702463|3|statement|connection 0|     alter table Address          add constraint FK_482g3bhbkhv2cgytyefllyg2l          foreign key (emp_id)          references Employee|
1433453703020|0|statement|connection 1|insert into Employee (id) values (null)|insert into Employee (id) values (null)
1433453703032|1|statement|connection 1|insert into Address (id, city, emp_id, street) values (null, ?, ?, ?)|insert into Address (id, city, emp_id, street) values (null, NULL, 3, NULL)
1433453802380|1|commit|connection 0||
1433453802397|2|statement|connection 0|     drop table Address if exists|
1433453804398|2001|statement|connection 0|     drop table Employee if exists|
1433453804401|1|statement|connection 0|     create table Address (         id bigint generated by default as identity,         city varchar(255),         street varchar(255),         emp_id bigint,         addr_type varchar(255) not null,         primary key (id)     )|
1433453804402|1|statement|connection 0|     create table Employee (         id bigint generated by default as identity,         primary key (id)     )|
1433453804403|1|statement|connection 0|     alter table Address          add constraint FK_482g3bhbkhv2cgytyefllyg2l          foreign key (emp_id)          references Employee|
1433453804978|1|statement|connection 1|insert into Employee (id) values (null)|insert into Employee (id) values (null)
1433453804989|1|statement|connection 1|insert into Address (id, city, emp_id, street) values (null, ?, ?, ?)|insert into Address (id, city, emp_id, street) values (null, NULL, 4, NULL)
1433453893592|1|commit|connection 0||
1433453893609|4|statement|connection 0|     drop table Address if exists|
1433453895612|2003|statement|connection 0|     drop table Employee if exists|
1433453895621|5|statement|connection 0|     create table Address (         id bigint generated by default as identity,         city varchar(255),         street varchar(255),         emp_id bigint,         addr_type varchar(255) not null,         primary key (id)     )|
1433453895624|2|statement|connection 0|     create table Employee (         id bigint generated by default as identity,         primary key (id)     )|
1433453895630|4|statement|connection 0|     alter table Address          add constraint FK_482g3bhbkhv2cgytyefllyg2l          foreign key (emp_id)          references Employee|
1433453896286|1|statement|connection 1|insert into Employee (id) values (null)|insert into Employee (id) values (null)
1433453896304|1|statement|connection 1|insert into Address (id, city, emp_id, street) values (null, ?, ?, ?)|insert into Address (id, city, emp_id, street) values (null, NULL, 5, NULL)
1433453945999|1|commit|connection 0||
1433453946016|3|statement|connection 0|     drop table Address if exists|
1433453948019|2003|statement|connection 0|     drop table Employee if exists|
1433453948024|3|statement|connection 0|     create table Address (         id bigint generated by default as identity,         city varchar(255),         street varchar(255),         emp_id bigint,         addr_type varchar(255),         primary key (id)     )|
1433453948026|1|statement|connection 0|     create table Employee (         id bigint generated by default as identity,         primary key (id)     )|
1433453948031|3|statement|connection 0|     alter table Address          add constraint FK_482g3bhbkhv2cgytyefllyg2l          foreign key (emp_id)          references Employee|
1433453948626|0|statement|connection 1|insert into Employee (id) values (null)|insert into Employee (id) values (null)
1433453948643|0|statement|connection 1|insert into Address (id, city, emp_id, street) values (null, ?, ?, ?)|insert into Address (id, city, emp_id, street) values (null, NULL, 6, NULL)
1433453948645|0|statement|connection 1|insert into Address (id, city, emp_id, street) values (null, ?, ?, ?)|insert into Address (id, city, emp_id, street) values (null, NULL, 6, NULL)
1433453948660|0|statement|connection 1|update Address set addr_type=? where id=?|update Address set addr_type='work' where id=2
1433453948665|0|statement|connection 1|update Address set addr_type=? where id=?|update Address set addr_type='home' where id=1
1433453948667|1|commit|connection 1||
1433492330029|2|commit|connection 0||
1433492332052|2002|statement|connection 0|     drop table Employee if exists|
1433492332054|1|statement|connection 0|     drop table Project if exists|
1433492332057|2|statement|connection 0|     create table Employee (         id bigint generated by default as identity,         name varchar(255),         salary integer,         primary key (id)     )|
1433492332059|1|statement|connection 0|     create table Project (         id bigint generated by default as identity,         name varchar(255),         projects_id bigint,         primary key (id)     )|
1433492332061|1|statement|connection 0|     alter table Project          add constraint FK_i1w5snp9fsjhr2k2yct372x56          foreign key (projects_id)          references Employee|
1433492377941|1|commit|connection 0||
1433492377960|2|statement|connection 0|     drop table Employee if exists|
1433492377962|1|statement|connection 0|     drop table Project if exists|
1433492377963|1|statement|connection 0|     create table Employee (         id bigint generated by default as identity,         name varchar(255),         salary integer,         primary key (id)     )|
1433492377964|1|statement|connection 0|     create table Project (         id bigint generated by default as identity,         name varchar(255),         projects_id bigint,         primary key (id)     )|
1433492377967|1|statement|connection 0|     alter table Project          add constraint FK_i1w5snp9fsjhr2k2yct372x56          foreign key (projects_id)          references Employee|
1433492378554|0|statement|connection 1|insert into Employee (id, name, salary) values (null, ?, ?)|insert into Employee (id, name, salary) values (null, 'Karsten', 100)
1433492378563|0|statement|connection 1|insert into Project (id, name) values (null, ?)|insert into Project (id, name) values (null, 'importantProj')
1433492378574|0|statement|connection 1|update Project set projects_id=? where id=?|update Project set projects_id=1 where id=1
1433492378575|0|commit|connection 1||
1433492378699|39|statement|connection 1|select employee0_.id as id1_0_, employee0_.name as name2_0_, employee0_.salary as salary3_0_ from Employee employee0_ where employee0_.id=1|select employee0_.id as id1_0_, employee0_.name as name2_0_, employee0_.salary as salary3_0_ from Employee employee0_ where employee0_.id=1
1433492378714|0|commit|connection 1||
1433492569589|1|commit|connection 0||
1433492569606|1|statement|connection 0|     drop table Employee if exists|
1433492569608|1|statement|connection 0|     drop table Project if exists|
1433492569610|2|statement|connection 0|     create table Employee (         id bigint generated by default as identity,         name varchar(255),         salary integer,         primary key (id)     )|
1433492569613|2|statement|connection 0|     create table Project (         id bigint generated by default as identity,         name varchar(255),         projects_id bigint,         primary key (id)     )|
1433492569616|2|statement|connection 0|     alter table Project          add constraint FK_i1w5snp9fsjhr2k2yct372x56          foreign key (projects_id)          references Employee|
1433492570258|1|statement|connection 1|insert into Employee (id, name, salary) values (null, ?, ?)|insert into Employee (id, name, salary) values (null, 'Karsten', 100)
1433492570269|1|statement|connection 1|insert into Project (id, name) values (null, ?)|insert into Project (id, name) values (null, 'importantProj')
1433492570271|0|statement|connection 1|insert into Project (id, name) values (null, ?)|insert into Project (id, name) values (null, 'notimportantProj')
1433492570286|0|statement|connection 1|update Project set projects_id=? where id=?|update Project set projects_id=1 where id=1
1433492570287|0|statement|connection 1|update Project set projects_id=? where id=?|update Project set projects_id=1 where id=2
1433492570289|0|commit|connection 1||
1433492570449|39|statement|connection 1|select employee0_.id as id1_0_, employee0_.name as name2_0_, employee0_.salary as salary3_0_ from Employee employee0_ where employee0_.id=1|select employee0_.id as id1_0_, employee0_.name as name2_0_, employee0_.salary as salary3_0_ from Employee employee0_ where employee0_.id=1
1433492570459|1|statement|connection 1|select projects0_.projects_id as projects3_0_0_, projects0_.id as id1_1_0_, projects0_.id as id1_1_1_, projects0_.name as name2_1_1_ from Project projects0_ where projects0_.projects_id=?|select projects0_.projects_id as projects3_0_0_, projects0_.id as id1_1_0_, projects0_.id as id1_1_1_, projects0_.name as name2_1_1_ from Project projects0_ where projects0_.projects_id=1
1433492570472|1|statement|connection 1|update Project set projects_id=null where projects_id=? and id=?|update Project set projects_id=null where projects_id=1 and id=1
1433492570473|0|statement|connection 1|delete from Project where id=?|delete from Project where id=1
1433492570474|0|commit|connection 1||
1433492725125|1|commit|connection 0||
1433492725140|3|statement|connection 0|     drop table Employee if exists|
1433492725142|2|statement|connection 0|     drop table Project if exists|
1433492725144|2|statement|connection 0|     create table Employee (         id bigint generated by default as identity,         name varchar(255),         salary integer,         primary key (id)     )|
1433492725147|2|statement|connection 0|     create table Project (         id bigint generated by default as identity,         name varchar(255),         projects_id bigint,         primary key (id)     )|
1433492725150|2|statement|connection 0|     alter table Project          add constraint FK_i1w5snp9fsjhr2k2yct372x56          foreign key (projects_id)          references Employee|
1433492725739|1|statement|connection 1|insert into Employee (id, name, salary) values (null, ?, ?)|insert into Employee (id, name, salary) values (null, 'Karsten', 100)
1433492725747|0|statement|connection 1|insert into Project (id, name) values (null, ?)|insert into Project (id, name) values (null, 'importantProj')
1433492725749|0|statement|connection 1|insert into Project (id, name) values (null, ?)|insert into Project (id, name) values (null, 'notimportantProj')
1433492725761|0|statement|connection 1|update Project set projects_id=? where id=?|update Project set projects_id=1 where id=1
1433492725762|0|statement|connection 1|update Project set projects_id=? where id=?|update Project set projects_id=1 where id=2
1433492725764|1|commit|connection 1||
1433492725901|40|statement|connection 1|select employee0_.id as id1_0_, employee0_.name as name2_0_, employee0_.salary as salary3_0_ from Employee employee0_ where employee0_.id=1|select employee0_.id as id1_0_, employee0_.name as name2_0_, employee0_.salary as salary3_0_ from Employee employee0_ where employee0_.id=1
1433492725908|0|statement|connection 1|update Project set projects_id=null where projects_id=? and id=?|update Project set projects_id=null where projects_id=1 and id=1
1433492725910|0|statement|connection 1|delete from Project where id=?|delete from Project where id=1
1433492725912|1|commit|connection 1||
1433492767041|1|commit|connection 0||
1433492767057|3|statement|connection 0|     drop table Employee if exists|
1433492767059|2|statement|connection 0|     drop table Project if exists|
1433492767060|1|statement|connection 0|     create table Employee (         id bigint generated by default as identity,         name varchar(255),         salary integer,         primary key (id)     )|
1433492767062|1|statement|connection 0|     create table Project (         id bigint generated by default as identity,         name varchar(255),         projects_id bigint,         primary key (id)     )|
1433492767064|1|statement|connection 0|     alter table Project          add constraint FK_i1w5snp9fsjhr2k2yct372x56          foreign key (projects_id)          references Employee|
1433492767685|1|statement|connection 1|insert into Employee (id, name, salary) values (null, ?, ?)|insert into Employee (id, name, salary) values (null, 'Karsten', 100)
1433492767694|1|statement|connection 1|insert into Project (id, name) values (null, ?)|insert into Project (id, name) values (null, 'importantProj')
1433492767696|0|statement|connection 1|insert into Project (id, name) values (null, ?)|insert into Project (id, name) values (null, 'notimportantProj')
1433492767710|0|statement|connection 1|update Project set projects_id=? where id=?|update Project set projects_id=1 where id=1
1433492767711|1|statement|connection 1|update Project set projects_id=? where id=?|update Project set projects_id=1 where id=2
1433492767712|0|commit|connection 1||
1433492767839|38|statement|connection 1|select employee0_.id as id1_0_, employee0_.name as name2_0_, employee0_.salary as salary3_0_ from Employee employee0_ where employee0_.id=1|select employee0_.id as id1_0_, employee0_.name as name2_0_, employee0_.salary as salary3_0_ from Employee employee0_ where employee0_.id=1
1433492767845|0|statement|connection 1|update Project set projects_id=null where projects_id=? and id=?|update Project set projects_id=null where projects_id=1 and id=1
1433492767846|0|commit|connection 1||
1433503191996|2|commit|connection 0||
1433503192016|5|statement|connection 0|     drop table Address if exists|
1433503192016|0|statement|connection 0|     drop table Department if exists|
1433503192019|2|statement|connection 0|     drop table Employee if exists|
1433503192020|0|statement|connection 0|     drop table Employee_phones if exists|
1433503192023|2|statement|connection 0|     drop table Project if exists|
1433503192025|1|statement|connection 0|     create table Address (         id bigint generated by default as identity,         street varchar(255),         primary key (id)     )|
1433503192027|1|statement|connection 0|     create table Department (         id bigint generated by default as identity,         name varchar(255),         primary key (id)     )|
1433503192030|2|statement|connection 0|     create table Employee (         id bigint generated by default as identity,         name varchar(255),         salary bigint,         address_id bigint,         department_id bigint,         project_id bigint,         primary key (id)     )|
1433503192032|2|statement|connection 0|     create table Employee_phones (         Employee_id bigint not null,         number varchar(255),         type varchar(255),         phones_KEY varchar(255),         primary key (Employee_id, phones_KEY)     )|
1433503192034|2|statement|connection 0|     create table Project (         DTYPE varchar(31) not null,         id bigint generated by default as identity,         name varchar(255),         primary key (id)     )|
1433503192036|2|statement|connection 0|     alter table Employee          add constraint FK_b2uj6gqstji4yr1029cbs0hsv          foreign key (address_id)          references Address|
1433503192039|2|statement|connection 0|     alter table Employee          add constraint FK_lk0a412kck2kdc6slousi528s          foreign key (department_id)          references Department|
1433503192041|2|statement|connection 0|     alter table Employee          add constraint FK_722s2hkkhw4slh7ark374wdmd          foreign key (project_id)          references Project|
1433503192044|2|statement|connection 0|     alter table Employee_phones          add constraint FK_pn4kl2mgb831rcwag25n047ll          foreign key (Employee_id)          references Employee|
1433503192702|1|statement|connection 1|insert into Address (id, street) values (null, ?)|insert into Address (id, street) values (null, 'street')
1433503192712|1|statement|connection 1|insert into Department (id, name) values (null, ?)|insert into Department (id, name) values (null, 'dep')
1433503192717|1|statement|connection 1|insert into Project (id, name, DTYPE) values (null, ?, 'DesignProject')|insert into Project (id, name, DTYPE) values (null, 'dp', 'DesignProject')
1433503192728|1|statement|connection 1|insert into Employee (id, address_id, department_id, name, project_id, salary) values (null, ?, ?, ?, ?, ?)|insert into Employee (id, address_id, department_id, name, project_id, salary) values (null, 1, 1, 'empName', 1, 100)
1433503192732|0|statement|connection 1|insert into Project (id, name, DTYPE) values (null, ?, 'QualityProject')|insert into Project (id, name, DTYPE) values (null, 'qp', 'QualityProject')
1433503192734|1|statement|connection 1|insert into Employee (id, address_id, department_id, name, project_id, salary) values (null, ?, ?, ?, ?, ?)|insert into Employee (id, address_id, department_id, name, project_id, salary) values (null, NULL, 1, 'empName2', 2, 1000)
1433503192735|0|statement|connection 1|insert into Employee (id, address_id, department_id, name, project_id, salary) values (null, ?, ?, ?, ?, ?)|insert into Employee (id, address_id, department_id, name, project_id, salary) values (null, NULL, 1, 'empName_', 1, 1000)
1433503192748|1|statement|connection 1|insert into Employee_phones (Employee_id, phones_KEY, number, type) values (?, ?, ?, ?)|insert into Employee_phones (Employee_id, phones_KEY, number, type) values (1, 'work', '12345678', 'work')
1433503192749|0|commit|connection 1||
1433503206802|23|statement|connection 1|select address0_.id as id1_0_, address0_.street as street2_0_ from Address address0_|select address0_.id as id1_0_, address0_.street as street2_0_ from Address address0_
1433503232926|1|statement|connection 1|select address0_.street as col_0_0_ from Address address0_|select address0_.street as col_0_0_ from Address address0_
1433503253987|0|statement|connection 1|select upper(address0_.street) as col_0_0_ from Address address0_|select upper(address0_.street) as col_0_0_ from Address address0_
1433581767863|1|commit|connection 0||
1433581767880|4|statement|connection 0|     drop table Employee if exists|
1433581767881|1|statement|connection 0|     create table Employee (         DTYPE varchar(31) not null,         id bigint generated by default as identity,         city varchar(255),         salary varchar(255),         primary key (id)     )|
1438939288507|0|commit|connection 0||
1438939288571|3|statement|connection 0|     drop table Employee if exists|
1438939288574|2|statement|connection 0|     create table Employee (         id bigint generated by default as identity,         name varchar(255),         primary key (id)     )|
1438939289196|1|statement|connection 1|insert into Employee (id, name) values (null, ?)|insert into Employee (id, name) values (null, NULL)
1438939289205|1|commit|connection 1||
1438939289331|31|statement|connection 2|select employee0_.id as id1_0_0_, employee0_.name as name2_0_0_ from Employee employee0_ where employee0_.id=?|select employee0_.id as id1_0_0_, employee0_.name as name2_0_0_ from Employee employee0_ where employee0_.id=1
1438939429321|0|commit|connection 0||
1438939429336|2|statement|connection 0|     drop table Employee if exists|
1438939429338|2|statement|connection 0|     create table Employee (         id bigint generated by default as identity,         name varchar(255),         primary key (id)     )|
1438939429924|0|statement|connection 1|insert into Employee (id, name) values (null, ?)|insert into Employee (id, name) values (null, 'Karsten')
1438939429934|1|commit|connection 1||
1438939430052|26|statement|connection 2|select employee0_.id as id1_0_0_, employee0_.name as name2_0_0_ from Employee employee0_ where employee0_.id=?|select employee0_.id as id1_0_0_, employee0_.name as name2_0_0_ from Employee employee0_ where employee0_.id=1
1438940356461|1|commit|connection 0||
1438940356482|2|statement|connection 0|     drop table Employee if exists|
1438940356485|3|statement|connection 0|     create table Employee (         id bigint generated by default as identity,         name varchar(255),         primary key (id)     )|
1438940357056|1|statement|connection 1|insert into Employee (id, name) values (null, ?)|insert into Employee (id, name) values (null, 'Karsten')
1438940357065|0|commit|connection 1||
1438940357171|33|statement|connection 2|select employee0_.id as id1_0_0_, employee0_.name as name2_0_0_ from Employee employee0_ where employee0_.id=?|select employee0_.id as id1_0_0_, employee0_.name as name2_0_0_ from Employee employee0_ where employee0_.id=1
1438940372534|1|commit|connection 0||
1438940372561|2|statement|connection 0|     drop table Employee if exists|
1438940372563|2|statement|connection 0|     create table Employee (         id bigint generated by default as identity,         name varchar(255),         primary key (id)     )|
1438940373276|1|statement|connection 1|insert into Employee (id, name) values (null, ?)|insert into Employee (id, name) values (null, 'Karsten')
1438940373286|0|commit|connection 1||
1438940373392|28|statement|connection 2|select employee0_.id as id1_0_0_, employee0_.name as name2_0_0_ from Employee employee0_ where employee0_.id=?|select employee0_.id as id1_0_0_, employee0_.name as name2_0_0_ from Employee employee0_ where employee0_.id=1
1438940541697|1|commit|connection 0||
1438940541719|1|statement|connection 0|     drop table Employee if exists|
1438940541721|1|statement|connection 0|     create table Employee (         id bigint generated by default as identity,         name varchar(255),         primary key (id)     )|
1438940565602|1|statement|connection 1|insert into Employee (id, name) values (null, ?)|insert into Employee (id, name) values (null, 'Karsten')
1438940565615|1|commit|connection 1||
1438940579982|29|statement|connection 2|select employee0_.id as id1_0_0_, employee0_.name as name2_0_0_ from Employee employee0_ where employee0_.id=?|select employee0_.id as id1_0_0_, employee0_.name as name2_0_0_ from Employee employee0_ where employee0_.id=1
1438940640385|1|commit|connection 0||
1438940640407|4|statement|connection 0|     drop table Employee if exists|
1438940640411|3|statement|connection 0|     create table Employee (         id bigint generated by default as identity,         name varchar(255),         primary key (id)     )|
1438940641164|1|statement|connection 1|insert into Employee (id, name) values (null, ?)|insert into Employee (id, name) values (null, 'Karsten')
1438940641176|0|commit|connection 1||
1438940641329|34|statement|connection 2|select employee0_.id as id1_0_0_, employee0_.name as name2_0_0_ from Employee employee0_ where employee0_.id=?|select employee0_.id as id1_0_0_, employee0_.name as name2_0_0_ from Employee employee0_ where employee0_.id=1
1438940979095|1|commit|connection 0||
1438940979112|3|statement|connection 0|     drop table Employee if exists|
1438940979119|2|statement|connection 0|     create table Employee (         id bigint generated by default as identity,         name varchar(255),         primary key (id)     )|
1438940979988|2|statement|connection 1|insert into Employee (id, name) values (null, ?)|insert into Employee (id, name) values (null, 'Karsten')
1438940980003|1|commit|connection 1||
1438940980144|26|statement|connection 2|select employee0_.id as id1_0_0_, employee0_.name as name2_0_0_ from Employee employee0_ where employee0_.id=?|select employee0_.id as id1_0_0_, employee0_.name as name2_0_0_ from Employee employee0_ where employee0_.id=1
1438941243393|0|commit|connection 0||
1438941243414|3|statement|connection 0|     drop table Employee if exists|
1438941243422|2|statement|connection 0|     create table Employee (         id bigint generated by default as identity,         name varchar(255),         primary key (id)     )|
1438941244174|1|statement|connection 1|insert into Employee (id, name) values (null, ?)|insert into Employee (id, name) values (null, 'Karsten')
1438941244189|0|commit|connection 1||
1438941244344|38|statement|connection 2|select employee0_.id as id1_0_0_, employee0_.name as name2_0_0_ from Employee employee0_ where employee0_.id=?|select employee0_.id as id1_0_0_, employee0_.name as name2_0_0_ from Employee employee0_ where employee0_.id=1
1438943489929|1|commit|connection 0||
1438943489949|4|statement|connection 0|     drop table Employee if exists|
1438943489957|2|statement|connection 0|     create table Employee (         id bigint generated by default as identity,         name varchar(255),         primary key (id)     )|
1438943490728|1|statement|connection 1|insert into Employee (id, name) values (null, ?)|insert into Employee (id, name) values (null, 'Karsten')
1438943490743|0|commit|connection 1||
1438943490912|41|statement|connection 2|select employee0_.id as id1_0_0_, employee0_.name as name2_0_0_ from Employee employee0_ where employee0_.id=?|select employee0_.id as id1_0_0_, employee0_.name as name2_0_0_ from Employee employee0_ where employee0_.id=1
1438945233034|0|commit|connection 0||
1438945233048|3|statement|connection 0|     drop table Employee if exists|
1438945233050|2|statement|connection 0|     create table Employee (         id bigint generated by default as identity,         name varchar(255),         primary key (id)     )|
1438945233617|1|statement|connection 1|insert into Employee (id, name) values (null, ?)|insert into Employee (id, name) values (null, 'Karsten')
1438945233627|0|commit|connection 1||
1438945233761|36|statement|connection 2|select employee0_.id as id1_0_0_, employee0_.name as name2_0_0_ from Employee employee0_ where employee0_.id=?|select employee0_.id as id1_0_0_, employee0_.name as name2_0_0_ from Employee employee0_ where employee0_.id=1
1438945429288|1|commit|connection 0||
1438945429301|2|statement|connection 0|     drop table Employee if exists|
1438945429303|1|statement|connection 0|     create table Employee (         id bigint generated by default as identity,         name varchar(255),         primary key (id)     )|
1438945429885|1|statement|connection 1|insert into Employee (id, name) values (null, ?)|insert into Employee (id, name) values (null, 'Karsten')
1438945429894|0|commit|connection 1||
1438945430037|41|statement|connection 2|select employee0_.id as id1_0_0_, employee0_.name as name2_0_0_ from Employee employee0_ where employee0_.id=?|select employee0_.id as id1_0_0_, employee0_.name as name2_0_0_ from Employee employee0_ where employee0_.id=1
1438945522580|0|commit|connection 0||
1438945522594|3|statement|connection 0|     drop table Employee if exists|
1438945522596|1|statement|connection 0|     create table Employee (         id bigint generated by default as identity,         name varchar(255),         primary key (id)     )|
1438945523191|1|statement|connection 1|insert into Employee (id, name) values (null, ?)|insert into Employee (id, name) values (null, 'Karsten')
1438945523203|0|commit|connection 1||
1438945869058|1|commit|connection 0||
1438945869072|3|statement|connection 0|     drop table Employee if exists|
1438945869074|2|statement|connection 0|     create table Employee (         id bigint generated by default as identity,         name varchar(255),         primary key (id)     )|
1438945869664|1|statement|connection 1|insert into Employee (id, name) values (null, ?)|insert into Employee (id, name) values (null, 'Karsten')
1438945869676|0|commit|connection 1||
1438946225159|1|commit|connection 0||
1438946225174|2|statement|connection 0|     drop table Employee if exists|
1438946225176|1|statement|connection 0|     create table Employee (         id bigint generated by default as identity,         name varchar(255),         primary key (id)     )|
1438946225705|1|statement|connection 1|insert into Employee (id, name) values (null, ?)|insert into Employee (id, name) values (null, 'Karsten')
1438946225714|1|commit|connection 1||
1438946267342|1|commit|connection 0||
1438946267358|3|statement|connection 0|     drop table Employee if exists|
1438946267360|2|statement|connection 0|     create table Employee (         id bigint generated by default as identity,         name varchar(255),         primary key (id)     )|
1438946267908|1|statement|connection 1|insert into Employee (id, name) values (null, ?)|insert into Employee (id, name) values (null, 'Karsten')
1438946267919|0|commit|connection 1||
1438946445678|1|commit|connection 0||
1438946445698|2|statement|connection 0|     drop table Employee if exists|
1438946445700|2|statement|connection 0|     create table Employee (         id bigint generated by default as identity,         name varchar(255),         primary key (id)     )|
1438946446268|1|statement|connection 1|insert into Employee (id, name) values (null, ?)|insert into Employee (id, name) values (null, 'Karsten')
1438946446279|1|commit|connection 1||
1438946460206|2|commit|connection 0||
1438946460220|1|statement|connection 0|     drop table Employee if exists|
1438946460222|1|statement|connection 0|     create table Employee (         id bigint generated by default as identity,         name varchar(255),         primary key (id)     )|
1438946460777|0|statement|connection 1|insert into Employee (id, name) values (null, ?)|insert into Employee (id, name) values (null, 'Karsten')
1438946460786|0|commit|connection 1||
1438946460879|30|statement|connection 2|select employee0_.id as id1_0_0_, employee0_.name as name2_0_0_ from Employee employee0_ where employee0_.id=?|select employee0_.id as id1_0_0_, employee0_.name as name2_0_0_ from Employee employee0_ where employee0_.id=1
1438946511015|2|commit|connection 0||
1438946511029|1|statement|connection 0|     drop table Employee if exists|
1438946511030|1|statement|connection 0|     create table Employee (         id bigint generated by default as identity,         name varchar(255),         primary key (id)     )|
1438946511580|1|statement|connection 1|insert into Employee (id, name) values (null, ?)|insert into Employee (id, name) values (null, 'Karsten')
1438946511589|1|commit|connection 1||
1438946511678|27|statement|connection 2|select employee0_.id as id1_0_0_, employee0_.name as name2_0_0_ from Employee employee0_ where employee0_.id=?|select employee0_.id as id1_0_0_, employee0_.name as name2_0_0_ from Employee employee0_ where employee0_.id=1
1438946589787|1|commit|connection 0||
1438946589800|2|statement|connection 0|     drop table Employee if exists|
1438946589803|2|statement|connection 0|     create table Employee (         id bigint generated by default as identity,         name varchar(255),         primary key (id)     )|
1438946590375|0|statement|connection 1|insert into Employee (id, name) values (null, ?)|insert into Employee (id, name) values (null, 'Karsten')
1438946590385|0|commit|connection 1||
1438946590513|40|statement|connection 2|select employee0_.id as id1_0_0_, employee0_.name as name2_0_0_ from Employee employee0_ where employee0_.id=?|select employee0_.id as id1_0_0_, employee0_.name as name2_0_0_ from Employee employee0_ where employee0_.id=1
1438948325374|0|commit|connection 0||
1438948325391|3|statement|connection 0|     drop table Employee if exists|
1438948325392|1|statement|connection 0|     create table Employee (         id bigint generated by default as identity,         uuid varchar(255),         name varchar(255),         primary key (id)     )|
1438948325985|1|statement|connection 1|insert into Employee (id, uuid, name) values (null, ?, ?)|insert into Employee (id, uuid, name) values (null, 'b793b4c7-66a4-405d-9db3-9fecbbfeeb1e', 'Karsten')
1438948325997|0|commit|connection 1||
1438948326129|36|statement|connection 2|select employee0_.id as id1_0_0_, employee0_.uuid as uuid2_0_0_, employee0_.name as name3_0_0_ from Employee employee0_ where employee0_.id=?|select employee0_.id as id1_0_0_, employee0_.uuid as uuid2_0_0_, employee0_.name as name3_0_0_ from Employee employee0_ where employee0_.id=1
